Дата и время ошибки:25.08.2021 21:30:00
Тип сообщения:Еxception
Имя текущего  пользователя:Admin
Текст сообщения:Attempted to divide by zero.
*****************************************
Дата и время ошибки:25.08.2021 21:30:23
Тип сообщения:Еxception
Имя текущего  пользователя:Admin
Текст сообщения:Input string was not in a correct format.
*****************************************
Дата и время ошибки:25.08.2021 21:32:06
Тип сообщения:Еxception
Имя текущего  пользователя:Admin
Текст сообщения:Input string was not in a correct format.
*****************************************
Дата и время ошибки:25.08.2021 21:32:23
Тип сообщения:Еxception
Имя текущего  пользователя:Admin
Текст сообщения:Input string was not in a correct format.
*****************************************
Дата и время ошибки:25.08.2021 21:40:55
Тип сообщения:Еxception
Имя текущего  пользователя:Admin
Текст сообщения:Attempted to divide by zero.
*****************************************
Дата и время ошибки:25.08.2021 21:41:50
Тип сообщения:Еxception
Имя текущего  пользователя:Admin
Текст сообщения:Input string was not in a correct format.
*****************************************
Дата и время ошибки:25.08.2021 21:41:57
Тип сообщения:Program completed
Имя текущего  пользователя:Admin
Текст сообщения:The program was completed successfully. The division result is 2
*****************************************
Дата и время ошибки:25.08.2021 21:45:02
Тип сообщения:Program completed
Имя текущего  пользователя:Admin
Текст сообщения:The program was completed successfully: 12/4=3
*****************************************
Дата и время ошибки:25.08.2021 21:48:18
Тип сообщения:Program completed
Имя текущего  пользователя:Admin
Текст сообщения:The program was completed successfully: 2/1=2
*****************************************
